<?xml version="1.0" encoding="UTF-8"?>
<!-- Generated by org.testng.reporters.JUnitReportReporter -->
<testsuite skipped="1" hostname="DESKTOP-04ORM14" name="org.dev.jklabourF.DataProviderFactoryRenewTest" tests="1" failures="0" timestamp="28 Dec 2018 11:59:42 GMT" time="0.000" errors="0">
  <testcase name="createFactoryRenewTest" time="0.000" classname="org.dev.jklabourF.DataProviderFactoryRenewTest">
    <skipped/>
  </testcase> <!-- createFactoryRenewTest -->
</testsuite> <!-- org.dev.jklabourF.DataProviderFactoryRenewTest -->
